This is pdfTeX, Version 3.14159265-2.6-1.40.15 (TeX Live 2014) (preloaded format=pdflatex 2014.5.25)  6 FEB 2015 14:53
entering extended mode
 restricted \write18 enabled.
 file:line:error style messages enabled.
 %&-line parsing enabled.
**statrep.ins
(./statrep.ins
LaTeX2e <2014/05/01>
Babel <3.9k> and hyphenation patterns for 78 languages loaded.
(/usr/local/texlive/2014/texmf-dist/tex/latex/base/docstrip.tex
\blockLevel=\count79
\emptyLines=\count80
\processedLines=\count81
\commentsRemoved=\count82
\commentsPassed=\count83
\codeLinesPassed=\count84
\TotalprocessedLines=\count85
\TotalcommentsRemoved=\count86
\TotalcommentsPassed=\count87
\TotalcodeLinesPassed=\count88
\NumberOfFiles=\count89
\inFile=\read1
\inputcheck=\read2
\off@0=\count90
\off@1=\count91
\off@2=\count92
\off@3=\count93
\off@4=\count94
\off@5=\count95
\off@6=\count96
\off@7=\count97
\off@8=\count98
\off@9=\count99
\off@10=\count100
\off@11=\count101
\off@12=\count102
\off@13=\count103
\off@14=\count104
\off@15=\count105
\@maxfiles=\count106
\@maxoutfiles=\count107

Utility: `docstrip' 2.5d <2005/07/29>
English documentation    <2014/04/19>

**********************************************************
* This program converts documented macro-files into fast *
* loadable files by stripping off (nearly) all comments! *
**********************************************************

********************************************************
* No Configuration file found, using default settings. *
********************************************************

)

Generating file(s) ./statrep.sty 
\openout0 = `./statrep.sty'.


Processing file statrep.dtx (statrep,cfg) -> statrep.sty
Lines  processed: 2959
Comments removed: 1691
Comments  passed: 6
Codelines passed: 1228


Generating file(s) ./statrep.cfg 
\openout0 = `./statrep.cfg'.


Processing file statrep.dtx (cfg) -> statrep.cfg
Lines  processed: 2959
Comments removed: 1691
Comments  passed: 6
Codelines passed: 1228


Generating file(s) ./longfigure.sty 
\openout0 = `./longfigure.sty'.


Processing file statrep.dtx (longfigure) -> longfigure.sty
Lines  processed: 2959
Comments removed: 1691
Comments  passed: 6
Codelines passed: 1228

Overall statistics:
Files  processed: 3
Lines  processed: 8877
Comments removed: 5073
Comments  passed: 18
Codelines passed: 3684
 ) 
Here is how much of TeX's memory you used:
 338 strings out of 493117
 3434 string characters out of 6135433
 57551 words of memory out of 5000000
 3894 multiletter control sequences out of 15000+600000
 3640 words of font info for 14 fonts, out of 8000000 for 9000
 1141 hyphenation exceptions out of 8191
 11i,0n,15p,232b,135s stack positions out of 5000i,500n,10000p,200000b,80000s

No pages of output.
PDF statistics:
 0 PDF objects out of 1000 (max. 8388607)
 0 named destinations out of 1000 (max. 500000)
 1 words of extra memory for PDF output out of 10000 (max. 10000000)

